0 info it worked if it ends with ok
1 verbose cli [ 'node',
1 verbose cli   '/usr/local/bin/npm',
1 verbose cli   'r',
1 verbose cli   'generator-frontendjetpack',
1 verbose cli   '-g' ]
2 info using npm@1.4.28
3 info using node@v0.10.33
4 verbose lib/node_modules/generator-frontendjetpack unbuild
5 info preuninstall generator-frontendjetpack@0.0.0
6 info uninstall generator-frontendjetpack@0.0.0
7 verbose true,/usr/local/lib/node_modules,/usr/local/lib/node_modules unbuild generator-frontendjetpack@0.0.0
8 info postuninstall generator-frontendjetpack@0.0.0
9 error Error: EACCES, unlink '/usr/local/lib/node_modules/generator-frontendjetpack'
9 error  { [Error: EACCES, unlink '/usr/local/lib/node_modules/generator-frontendjetpack']
9 error   errno: 3,
9 error   code: 'EACCES',
9 error   path: '/usr/local/lib/node_modules/generator-frontendjetpack' }
10 error Please try running this command again as root/Administrator.
11 error System Darwin 14.0.0
12 error command "node" "/usr/local/bin/npm" "r" "generator-frontendjetpack" "-g"
13 error cwd /Users/juliolopez/Desktop/generator-frontendjetpack
14 error node -v v0.10.33
15 error npm -v 1.4.28
16 error path /usr/local/lib/node_modules/generator-frontendjetpack
17 error code EACCES
18 error errno 3
19 error stack Error: EACCES, unlink '/usr/local/lib/node_modules/generator-frontendjetpack'
20 verbose exit [ 3, true ]
